2017-10-19 15:38:34,747 [main     ] ERROR BuildLoopQueryService - Problem getting build output
java.lang.NullPointerException
	at net.sourceforge.cruisecontrol.dashboard.service.BuildLoopQueryService.getBuildOutput(BuildLoopQueryService.java:144)
	at net.sourceforge.cruisecontrol.dashboard.service.BuildLoopQueryServiceTest.testShouldReturnMeaningfulErrorMessageWhenUnableToConnectToJmx(BuildLoopQueryServiceTest.java:215)
	at sun.reflect.NativeMethodAccessorImpl.invoke0(Native Method)
	at sun.reflect.NativeMethodAccessorImpl.invoke(NativeMethodAccessorImpl.java:62)
	at sun.reflect.DelegatingMethodAccessorImpl.invoke(DelegatingMethodAccessorImpl.java:43)
	at java.lang.reflect.Method.invoke(Method.java:498)
	at junit.framework.TestCase.runTest(TestCase.java:168)
	at org.jmock.core.VerifyingTestCase.runBare(VerifyingTestCase.java:39)
	at junit.framework.TestResult$1.protect(TestResult.java:110)
	at junit.framework.TestResult.runProtected(TestResult.java:128)
	at junit.framework.TestResult.run(TestResult.java:113)
	at junit.framework.TestCase.run(TestCase.java:124)
	at junit.framework.TestSuite.runTest(TestSuite.java:232)
	at junit.framework.TestSuite.run(TestSuite.java:227)
	at org.apache.tools.ant.taskdefs.optional.junit.JUnitTestRunner.run(JUnitTestRunner.java:532)
	at org.apache.tools.ant.taskdefs.optional.junit.JUnitTestRunner.launch(JUnitTestRunner.java:1165)
	at org.apache.tools.ant.taskdefs.optional.junit.JUnitTestRunner.main(JUnitTestRunner.java:988)
2017-10-19 15:38:35,412 [main     ] WARN  DashboardXmlConfigService - java.lang.IllegalArgumentException: InputStream cannot be null
2017-10-19 15:38:35,421 [main     ] WARN  DashboardXmlConfigService - java.io.FileNotFoundException: not found
2017-10-19 15:38:35,841 [main     ] INFO  ServiceContextTest - Loading context for locations: classpath*:WEB-INF/applicationContext-*.xml,classpath*:WEB-INF/*-servlet.xml
2017-10-19 15:38:37,432 [main     ] WARN  DashboardXmlConfigService - java.io.FileNotFoundException: dashboard-config.xml (No such file or directory)
2017-10-19 15:38:38,379 [main     ] ERROR WidgetPluginService - java.lang.ClassNotFoundException: not.exist.class
2017-10-19 15:38:38,404 [main     ] ERROR WidgetPluginService - java.lang.ClassNotFoundException: not.exist.class
2017-10-19 15:38:39,264 [main     ] ERROR WidgetPluginService - java.lang.ClassNotFoundException: com.not.exist.Class
2017-10-19 15:38:40,005 [main     ] ERROR WidgetPluginService - java.lang.ClassNotFoundException: com.not.exist.Class
2017-10-19 15:38:40,201 [main     ] ERROR WidgetPluginService - java.lang.ClassNotFoundException: com.not.exist.Class
2017-10-19 15:38:40,351 [main     ] ERROR WidgetPluginService - java.lang.ClassNotFoundException: com.not.exist.Class
2017-10-19 15:38:40,512 [main     ] ERROR WidgetPluginService - java.lang.ClassNotFoundException: com.not.exist.Class
2017-10-19 15:38:41,088 [main     ] WARN  GetProjectBuildStatusController - java.lang.RuntimeException: xyz
2017-10-19 15:38:51,814 [main     ] WARN  ProjectConfig    - No previously serialized project found [/home/ubuntu/pristine/cruisecontrol/reporting/dashboard/project1.ser], forcing a build.
2017-10-19 15:38:52,019 [main     ] WARN  ProjectConfig    - No previously serialized project found [/home/ubuntu/pristine/cruisecontrol/reporting/dashboard/project1.ser], forcing a build.
2017-10-19 15:39:35,990 [main     ] ERROR HtmlInlineFrame  - IOException when getting content for iframe: url=[http://localhost:8000/mbean?objectname=CruiseControl Project:name=project1]
java.net.ConnectException: Connection refused (Connection refused)
	at java.net.PlainSocketImpl.socketConnect(Native Method)
	at java.net.AbstractPlainSocketImpl.doConnect(AbstractPlainSocketImpl.java:350)
	at java.net.AbstractPlainSocketImpl.connectToAddress(AbstractPlainSocketImpl.java:206)
	at java.net.AbstractPlainSocketImpl.connect(AbstractPlainSocketImpl.java:188)
	at java.net.SocksSocketImpl.connect(SocksSocketImpl.java:392)
	at java.net.Socket.connect(Socket.java:589)
	at java.net.Socket.connect(Socket.java:538)
	at java.net.Socket.<init>(Socket.java:434)
	at java.net.Socket.<init>(Socket.java:286)
	at org.apache.commons.httpclient.protocol.DefaultProtocolSocketFactory.createSocket(DefaultProtocolSocketFactory.java:79)
	at org.apache.commons.httpclient.protocol.DefaultProtocolSocketFactory.createSocket(DefaultProtocolSocketFactory.java:121)
	at org.apache.commons.httpclient.HttpConnection.open(HttpConnection.java:706)
	at org.apache.commons.httpclient.MultiThreadedHttpConnectionManager$HttpConnectionAdapter.open(MultiThreadedHttpConnectionManager.java:1321)
	at org.apache.commons.httpclient.HttpMethodDirector.executeWithRetry(HttpMethodDirector.java:386)
	at org.apache.commons.httpclient.HttpMethodDirector.executeMethod(HttpMethodDirector.java:170)
	at org.apache.commons.httpclient.HttpClient.executeMethod(HttpClient.java:396)
	at org.apache.commons.httpclient.HttpClient.executeMethod(HttpClient.java:346)
	at com.gargoylesoftware.htmlunit.HttpWebConnection.getResponse(HttpWebConnection.java:126)
	at com.gargoylesoftware.htmlunit.WebClient.loadWebResponseFromWebConnection(WebClient.java:1424)
	at com.gargoylesoftware.htmlunit.WebClient.loadWebResponse(WebClient.java:1381)
	at com.gargoylesoftware.htmlunit.WebClient.getPage(WebClient.java:332)
	at com.gargoylesoftware.htmlunit.html.BaseFrame.loadInnerPageIfPossible(BaseFrame.java:129)
	at com.gargoylesoftware.htmlunit.html.BaseFrame.loadInnerPage(BaseFrame.java:114)
	at com.gargoylesoftware.htmlunit.html.HtmlPage.loadFrames(HtmlPage.java:1433)
	at com.gargoylesoftware.htmlunit.html.HtmlPage.initialize(HtmlPage.java:139)
	at com.gargoylesoftware.htmlunit.WebClient.loadWebResponseInto(WebClient.java:450)
	at com.gargoylesoftware.htmlunit.WebClient.getPage(WebClient.java:345)
	at com.gargoylesoftware.htmlunit.WebClient.getPage(WebClient.java:399)
	at net.sourceforge.jwebunit.htmlunit.HtmlUnitDialog.beginAt(HtmlUnitDialog.java:161)
	at net.sourceforge.jwebunit.junit.WebTester.beginAt(WebTester.java:190)
	at net.sourceforge.cruisecontrol.dashboard.jwebunittests.MBeanConsoleTest.testShouldShowMBeanConsoleForSpecificProject(MBeanConsoleTest.java:44)
	at sun.reflect.NativeMethodAccessorImpl.invoke0(Native Method)
	at sun.reflect.NativeMethodAccessorImpl.invoke(NativeMethodAccessorImpl.java:62)
	at sun.reflect.DelegatingMethodAccessorImpl.invoke(DelegatingMethodAccessorImpl.java:43)
	at java.lang.reflect.Method.invoke(Method.java:498)
	at junit.framework.TestCase.runTest(TestCase.java:168)
	at junit.framework.TestCase.runBare(TestCase.java:134)
	at junit.framework.TestResult$1.protect(TestResult.java:110)
	at junit.framework.TestResult.runProtected(TestResult.java:128)
	at junit.framework.TestResult.run(TestResult.java:113)
	at junit.framework.TestCase.run(TestCase.java:124)
	at junit.framework.TestSuite.runTest(TestSuite.java:232)
	at junit.framework.TestSuite.run(TestSuite.java:227)
	at org.apache.tools.ant.taskdefs.optional.junit.JUnitTestRunner.run(JUnitTestRunner.java:532)
	at org.apache.tools.ant.taskdefs.optional.junit.JUnitTestRunner.launch(JUnitTestRunner.java:1165)
	at org.apache.tools.ant.taskdefs.optional.junit.JUnitTestRunner.main(JUnitTestRunner.java:1016)
2017-10-19 15:43:42,577 [main     ] ERROR BuildLoopQueryService - Problem getting build output
java.lang.NullPointerException
	at net.sourceforge.cruisecontrol.dashboard.service.BuildLoopQueryService.getBuildOutput(BuildLoopQueryService.java:144)
	at net.sourceforge.cruisecontrol.dashboard.service.BuildLoopQueryServiceTest.testShouldReturnMeaningfulErrorMessageWhenUnableToConnectToJmx(BuildLoopQueryServiceTest.java:215)
	at sun.reflect.NativeMethodAccessorImpl.invoke0(Native Method)
	at sun.reflect.NativeMethodAccessorImpl.invoke(NativeMethodAccessorImpl.java:62)
	at sun.reflect.DelegatingMethodAccessorImpl.invoke(DelegatingMethodAccessorImpl.java:43)
	at java.lang.reflect.Method.invoke(Method.java:498)
	at junit.framework.TestCase.runTest(TestCase.java:168)
	at org.jmock.core.VerifyingTestCase.runBare(VerifyingTestCase.java:39)
	at junit.framework.TestResult$1.protect(TestResult.java:110)
	at junit.framework.TestResult.runProtected(TestResult.java:128)
	at junit.framework.TestResult.run(TestResult.java:113)
	at junit.framework.TestCase.run(TestCase.java:124)
	at junit.framework.TestSuite.runTest(TestSuite.java:232)
	at junit.framework.TestSuite.run(TestSuite.java:227)
	at org.apache.tools.ant.taskdefs.optional.junit.JUnitTestRunner.run(JUnitTestRunner.java:532)
	at org.apache.tools.ant.taskdefs.optional.junit.JUnitTestRunner.launch(JUnitTestRunner.java:1165)
	at org.apache.tools.ant.taskdefs.optional.junit.JUnitTestRunner.main(JUnitTestRunner.java:988)
2017-10-19 15:43:43,318 [main     ] WARN  DashboardXmlConfigService - java.io.FileNotFoundException: not found
2017-10-19 15:43:43,344 [main     ] WARN  DashboardXmlConfigService - java.lang.IllegalArgumentException: InputStream cannot be null
2017-10-19 15:43:43,636 [main     ] INFO  ServiceContextTest - Loading context for locations: classpath*:WEB-INF/applicationContext-*.xml,classpath*:WEB-INF/*-servlet.xml
2017-10-19 15:43:44,731 [main     ] WARN  DashboardXmlConfigService - java.io.FileNotFoundException: dashboard-config.xml (No such file or directory)
2017-10-19 15:43:45,665 [main     ] ERROR WidgetPluginService - java.lang.ClassNotFoundException: not.exist.class
2017-10-19 15:43:45,680 [main     ] ERROR WidgetPluginService - java.lang.ClassNotFoundException: not.exist.class
2017-10-19 15:43:46,668 [main     ] ERROR WidgetPluginService - java.lang.ClassNotFoundException: com.not.exist.Class
2017-10-19 15:43:47,010 [main     ] ERROR WidgetPluginService - java.lang.ClassNotFoundException: com.not.exist.Class
2017-10-19 15:43:47,239 [main     ] ERROR WidgetPluginService - java.lang.ClassNotFoundException: com.not.exist.Class
2017-10-19 15:43:47,476 [main     ] ERROR WidgetPluginService - java.lang.ClassNotFoundException: com.not.exist.Class
2017-10-19 15:43:47,689 [main     ] ERROR WidgetPluginService - java.lang.ClassNotFoundException: com.not.exist.Class
2017-10-19 15:43:48,753 [main     ] WARN  GetProjectBuildStatusController - java.lang.RuntimeException: xyz
2017-10-19 15:43:59,004 [main     ] WARN  ProjectConfig    - No previously serialized project found [/home/ubuntu/pristine/cruisecontrol/reporting/dashboard/project1.ser], forcing a build.
2017-10-19 15:43:59,224 [main     ] WARN  ProjectConfig    - No previously serialized project found [/home/ubuntu/pristine/cruisecontrol/reporting/dashboard/project1.ser], forcing a build.
