15:38:47,520  INFO ContextLoader,main:177 - Root WebApplicationContext: initialization started
15:38:47,538  INFO XmlWebApplicationContext,main:378 - Refreshing org.springframework.web.context.support.XmlWebApplicationContext@4f638935: display name [Root WebApplicationContext]; startup date [Thu Oct 19 15:38:47 PDT 2017]; root of context hierarchy
15:38:47,636  INFO XmlBeanDefinitionReader,main:293 - Loading XML bean definitions from ServletContext resource [/WEB-INF/applicationContext-development.xml]
15:38:47,913  INFO XmlBeanDefinitionReader,main:293 - Loading XML bean definitions from ServletContext resource [/WEB-INF/applicationContext-global.xml]
15:38:48,029  INFO XmlBeanDefinitionReader,main:293 - Loading XML bean definitions from ServletContext resource [/WEB-INF/propertyConfigurer.xml]
15:38:48,120  INFO XmlWebApplicationContext,main:393 - Bean factory for application context [org.springframework.web.context.support.XmlWebApplicationContext@4f638935]: org.springframework.beans.factory.support.DefaultListableBeanFactory@48974e45
15:38:48,262  INFO PropertyPlaceholderConfigurer,main:175 - Loading properties file from file [/home/ubuntu/pristine/cruisecontrol/reporting/dashboard/target/war/WEB-INF/classes/dashboard.properties]
15:38:48,262  INFO PropertyPlaceholderConfigurer,main:175 - Loading properties file from file [/tmp/Jetty_0_0_0_0_9090_dashboard.war__dashboard__-ylq8l7/webapp/WEB-INF/classes/dashboard.properties]
15:38:48,301  INFO XmlWebApplicationContext,main:1006 - Bean 'org.springframework.aop.config.internalAutoProxyCreator' is not eligible for getting processed by all BeanPostProcessors (for example: not eligible for auto-proxying)
15:38:48,316  INFO DefaultListableBeanFactory,main:275 - Pre-instantiating singletons in org.springframework.beans.factory.support.DefaultListableBeanFactory@48974e45: defining beans [jmxServiceStub,mockForceBuildValidator,buildLoopControllerFake,propertyConfigurer,configuration,cruiseRuntime,oSEnvironment,jmxConnectorFactory,buildService,buildInfoRepository,buildInfoHelper,buildLoopQueryService,templateRenderService,historicalBuildSummariesService,latestBuildSummariesService,buildSummaryUIService,buildSummaryService,envService,dashboardXmlConfigService,systemService,widgetPluginService,jmxConnectionCacheService,org.springframework.aop.config.internalAutoProxyCreator,org.springframework.aop.aspectj.AspectJExpressionPointcut,org.springframework.aop.aspectj.AspectJPointcutAdvisor]; root of factory hierarchy
15:38:48,915  INFO ContextLoader,main:197 - Root WebApplicationContext: initialization completed in 1392 ms
15:38:48,964  INFO DispatcherServlet,main:231 - FrameworkServlet 'spring-ajax': initialization started
15:38:48,984  INFO XmlWebApplicationContext,main:378 - Refreshing org.springframework.web.context.support.XmlWebApplicationContext@39d9314d: display name [WebApplicationContext for namespace 'spring-ajax-servlet']; startup date [Thu Oct 19 15:38:48 PDT 2017]; parent: org.springframework.web.context.support.XmlWebApplicationContext@4f638935
15:38:48,998  INFO XmlBeanDefinitionReader,main:293 - Loading XML bean definitions from ServletContext resource [/WEB-INF/spring-ajax-servlet.xml]
15:38:49,027  INFO XmlBeanDefinitionReader,main:293 - Loading XML bean definitions from ServletContext resource [/WEB-INF/propertyConfigurer.xml]
15:38:49,093  INFO XmlWebApplicationContext,main:393 - Bean factory for application context [org.springframework.web.context.support.XmlWebApplicationContext@39d9314d]: org.springframework.beans.factory.support.DefaultListableBeanFactory@352c1b98
15:38:49,132  INFO PropertyPlaceholderConfigurer,main:175 - Loading properties file from file [/home/ubuntu/pristine/cruisecontrol/reporting/dashboard/target/war/WEB-INF/classes/dashboard.properties]
15:38:49,133  INFO PropertyPlaceholderConfigurer,main:175 - Loading properties file from file [/tmp/Jetty_0_0_0_0_9090_dashboard.war__dashboard__-ylq8l7/webapp/WEB-INF/classes/dashboard.properties]
15:38:49,140  INFO DefaultListableBeanFactory,main:275 - Pre-instantiating singletons in org.springframework.beans.factory.support.DefaultListableBeanFactory@352c1b98: defining beans [propertyConfigurer,urlMapping,forcebuildController,forceBuildValidator,getProjectBuildStatusController,getProjectBuildOutputController,getCommitMessageController,getProjectBuildStatusXmlController]; parent: org.springframework.beans.factory.support.DefaultListableBeanFactory@48974e45
15:38:49,302  INFO DispatcherServlet,main:250 - FrameworkServlet 'spring-ajax': initialization completed in 338 ms
15:38:49,302  INFO DispatcherServlet,main:231 - FrameworkServlet 'spring-exceptions': initialization started
15:38:49,303  INFO XmlWebApplicationContext,main:378 - Refreshing org.springframework.web.context.support.XmlWebApplicationContext@d771cc9: display name [WebApplicationContext for namespace 'spring-exceptions-servlet']; startup date [Thu Oct 19 15:38:49 PDT 2017]; parent: org.springframework.web.context.support.XmlWebApplicationContext@4f638935
15:38:49,304  INFO XmlBeanDefinitionReader,main:293 - Loading XML bean definitions from ServletContext resource [/WEB-INF/spring-exceptions-servlet.xml]
15:38:49,336  INFO XmlBeanDefinitionReader,main:293 - Loading XML bean definitions from ServletContext resource [/WEB-INF/propertyConfigurer.xml]
15:38:49,390  INFO XmlWebApplicationContext,main:393 - Bean factory for application context [org.springframework.web.context.support.XmlWebApplicationContext@d771cc9]: org.springframework.beans.factory.support.DefaultListableBeanFactory@6239aba6
15:38:49,505  INFO PropertyPlaceholderConfigurer,main:175 - Loading properties file from file [/home/ubuntu/pristine/cruisecontrol/reporting/dashboard/target/war/WEB-INF/classes/dashboard.properties]
15:38:49,506  INFO PropertyPlaceholderConfigurer,main:175 - Loading properties file from file [/tmp/Jetty_0_0_0_0_9090_dashboard.war__dashboard__-ylq8l7/webapp/WEB-INF/classes/dashboard.properties]
15:38:49,507  INFO DefaultListableBeanFactory,main:275 - Pre-instantiating singletons in org.springframework.beans.factory.support.DefaultListableBeanFactory@6239aba6: defining beans [propertyConfigurer,urlMapping,buildDetailExceptionController,buildDetailExceptionResolver,velocityConfig,velocityViewResolver,beanNameViewResolver]; parent: org.springframework.beans.factory.support.DefaultListableBeanFactory@48974e45
15:38:49,594  INFO VelocityConfigurer,main:127 - ClasspathResourceLoader with name 'springMacro' added to configured VelocityEngine
15:38:49,610  INFO VelocityEngine,main:49 - LogSystem has been deprecated. Please use a LogChute implementation.
15:38:49,621  INFO VelocityEngine,main:49 - FileResourceLoader : adding path '/tmp/Jetty_0_0_0_0_9090_dashboard.war__dashboard__-ylq8l7/webapp/WEB-INF/vm'
15:38:49,652  INFO VelocityEngine,main:49 - Velocimacro : added #springMessage(  code ) : source = org/springframework/web/servlet/view/velocity/spring.vm
15:38:49,653  INFO VelocityEngine,main:49 - Velocimacro : added #springMessageText(  code text ) : source = org/springframework/web/servlet/view/velocity/spring.vm
15:38:49,653  INFO VelocityEngine,main:49 - Velocimacro : added #springTheme(  code ) : source = org/springframework/web/servlet/view/velocity/spring.vm
15:38:49,654  INFO VelocityEngine,main:49 - Velocimacro : added #springThemeText(  code text ) : source = org/springframework/web/servlet/view/velocity/spring.vm
15:38:49,655  INFO VelocityEngine,main:49 - Velocimacro : added #springUrl(  relativeUrl ) : source = org/springframework/web/servlet/view/velocity/spring.vm
15:38:49,661  INFO VelocityEngine,main:49 - Velocimacro : added #springBind(  path ) : source = org/springframework/web/servlet/view/velocity/spring.vm
15:38:49,666  INFO VelocityEngine,main:49 - Velocimacro : added #springBindEscaped(  path htmlEscape ) : source = org/springframework/web/servlet/view/velocity/spring.vm
15:38:49,672  INFO VelocityEngine,main:49 - Velocimacro : added #springFormInput(  path attributes ) : source = org/springframework/web/servlet/view/velocity/spring.vm
15:38:49,688  INFO VelocityEngine,main:49 - Velocimacro : added #springFormPasswordInput(  path attributes ) : source = org/springframework/web/servlet/view/velocity/spring.vm
15:38:49,692  INFO VelocityEngine,main:49 - Velocimacro : added #springFormHiddenInput(  path attributes ) : source = org/springframework/web/servlet/view/velocity/spring.vm
15:38:49,693  INFO VelocityEngine,main:49 - Velocimacro : added #springFormTextarea(  path attributes ) : source = org/springframework/web/servlet/view/velocity/spring.vm
15:38:49,698  INFO VelocityEngine,main:49 - Velocimacro : added #springFormSingleSelect(  path options attributes ) : source = org/springframework/web/servlet/view/velocity/spring.vm
15:38:49,700  INFO VelocityEngine,main:49 - Velocimacro : added #springFormMultiSelect(  path options attributes ) : source = org/springframework/web/servlet/view/velocity/spring.vm
15:38:49,703  INFO VelocityEngine,main:49 - Velocimacro : added #springFormRadioButtons(  path options separator attributes ) : source = org/springframework/web/servlet/view/velocity/spring.vm
15:38:49,708  INFO VelocityEngine,main:49 - Velocimacro : added #springFormCheckboxes(  path options separator attributes ) : source = org/springframework/web/servlet/view/velocity/spring.vm
15:38:49,712  INFO VelocityEngine,main:49 - Velocimacro : added #springShowErrors(  separator classOrStyle ) : source = org/springframework/web/servlet/view/velocity/spring.vm
15:38:49,712  INFO VelocityEngine,main:49 - Velocimacro : added #springCloseTag(  ) : source = org/springframework/web/servlet/view/velocity/spring.vm
15:38:49,732  INFO VelocityViewResolver,main:127 - Using VelocityToolboxView instead of default VelocityView due to specified toolboxConfigLocation
15:38:49,736  INFO DispatcherServlet,main:250 - FrameworkServlet 'spring-exceptions': initialization completed in 433 ms
15:38:49,737  INFO DispatcherServlet,main:231 - FrameworkServlet 'spring-pages': initialization started
15:38:49,737  INFO XmlWebApplicationContext,main:378 - Refreshing org.springframework.web.context.support.XmlWebApplicationContext@294a6b8e: display name [WebApplicationContext for namespace 'spring-pages-servlet']; startup date [Thu Oct 19 15:38:49 PDT 2017]; parent: org.springframework.web.context.support.XmlWebApplicationContext@4f638935
15:38:49,738  INFO XmlBeanDefinitionReader,main:293 - Loading XML bean definitions from ServletContext resource [/WEB-INF/spring-pages-servlet.xml]
15:38:49,756  INFO XmlBeanDefinitionReader,main:293 - Loading XML bean definitions from ServletContext resource [/WEB-INF/propertyConfigurer.xml]
15:38:49,767  INFO XmlWebApplicationContext,main:393 - Bean factory for application context [org.springframework.web.context.support.XmlWebApplicationContext@294a6b8e]: org.springframework.beans.factory.support.DefaultListableBeanFactory@517d4a0d
15:38:49,797  INFO PropertyPlaceholderConfigurer,main:175 - Loading properties file from file [/home/ubuntu/pristine/cruisecontrol/reporting/dashboard/target/war/WEB-INF/classes/dashboard.properties]
15:38:49,797  INFO PropertyPlaceholderConfigurer,main:175 - Loading properties file from file [/tmp/Jetty_0_0_0_0_9090_dashboard.war__dashboard__-ylq8l7/webapp/WEB-INF/classes/dashboard.properties]
15:38:49,799  INFO DefaultListableBeanFactory,main:275 - Pre-instantiating singletons in org.springframework.beans.factory.support.DefaultListableBeanFactory@517d4a0d: defining beans [propertyConfigurer,urlMapping,contentTypeInterceptor,flashMessageInterceptor,serverNameInterceptor,configInterceptor,adminController,buildListingController,buildListingResolver,mbeanConsoleController,mx4jResolver,velocityConfig,velocityViewResolver,beanNameViewResolver]; parent: org.springframework.beans.factory.support.DefaultListableBeanFactory@48974e45
15:38:49,835  INFO VelocityConfigurer,main:127 - ClasspathResourceLoader with name 'springMacro' added to configured VelocityEngine
15:38:49,837  INFO VelocityEngine,main:49 - LogSystem has been deprecated. Please use a LogChute implementation.
15:38:49,837  INFO VelocityEngine,main:49 - FileResourceLoader : adding path '/tmp/Jetty_0_0_0_0_9090_dashboard.war__dashboard__-ylq8l7/webapp/WEB-INF/vm'
15:38:49,841  INFO VelocityEngine,main:49 - Velocimacro : added #springMessage(  code ) : source = org/springframework/web/servlet/view/velocity/spring.vm
15:38:49,851  INFO VelocityEngine,main:49 - Velocimacro : added #springMessageText(  code text ) : source = org/springframework/web/servlet/view/velocity/spring.vm
15:38:49,853  INFO VelocityEngine,main:49 - Velocimacro : added #springTheme(  code ) : source = org/springframework/web/servlet/view/velocity/spring.vm
15:38:49,855  INFO VelocityEngine,main:49 - Velocimacro : added #springThemeText(  code text ) : source = org/springframework/web/servlet/view/velocity/spring.vm
15:38:49,855  INFO VelocityEngine,main:49 - Velocimacro : added #springUrl(  relativeUrl ) : source = org/springframework/web/servlet/view/velocity/spring.vm
15:38:49,855  INFO VelocityEngine,main:49 - Velocimacro : added #springBind(  path ) : source = org/springframework/web/servlet/view/velocity/spring.vm
15:38:49,856  INFO VelocityEngine,main:49 - Velocimacro : added #springBindEscaped(  path htmlEscape ) : source = org/springframework/web/servlet/view/velocity/spring.vm
15:38:49,857  INFO VelocityEngine,main:49 - Velocimacro : added #springFormInput(  path attributes ) : source = org/springframework/web/servlet/view/velocity/spring.vm
15:38:49,858  INFO VelocityEngine,main:49 - Velocimacro : added #springFormPasswordInput(  path attributes ) : source = org/springframework/web/servlet/view/velocity/spring.vm
15:38:49,858  INFO VelocityEngine,main:49 - Velocimacro : added #springFormHiddenInput(  path attributes ) : source = org/springframework/web/servlet/view/velocity/spring.vm
15:38:49,859  INFO VelocityEngine,main:49 - Velocimacro : added #springFormTextarea(  path attributes ) : source = org/springframework/web/servlet/view/velocity/spring.vm
15:38:49,859  INFO VelocityEngine,main:49 - Velocimacro : added #springFormSingleSelect(  path options attributes ) : source = org/springframework/web/servlet/view/velocity/spring.vm
15:38:49,859  INFO VelocityEngine,main:49 - Velocimacro : added #springFormMultiSelect(  path options attributes ) : source = org/springframework/web/servlet/view/velocity/spring.vm
15:38:49,860  INFO VelocityEngine,main:49 - Velocimacro : added #springFormRadioButtons(  path options separator attributes ) : source = org/springframework/web/servlet/view/velocity/spring.vm
15:38:49,866  INFO VelocityEngine,main:49 - Velocimacro : added #springFormCheckboxes(  path options separator attributes ) : source = org/springframework/web/servlet/view/velocity/spring.vm
15:38:49,868  INFO VelocityEngine,main:49 - Velocimacro : added #springShowErrors(  separator classOrStyle ) : source = org/springframework/web/servlet/view/velocity/spring.vm
15:38:49,871  INFO VelocityEngine,main:49 - Velocimacro : added #springCloseTag(  ) : source = org/springframework/web/servlet/view/velocity/spring.vm
15:38:49,878  INFO VelocityViewResolver,main:127 - Using VelocityToolboxView instead of default VelocityView due to specified toolboxConfigLocation
15:38:49,883  INFO DispatcherServlet,main:250 - FrameworkServlet 'spring-pages': initialization completed in 146 ms
15:38:49,885  INFO DispatcherServlet,main:231 - FrameworkServlet 'spring-tabs': initialization started
15:38:49,886  INFO XmlWebApplicationContext,main:378 - Refreshing org.springframework.web.context.support.XmlWebApplicationContext@e54303: display name [WebApplicationContext for namespace 'spring-tabs-servlet']; startup date [Thu Oct 19 15:38:49 PDT 2017]; parent: org.springframework.web.context.support.XmlWebApplicationContext@4f638935
15:38:49,894  INFO XmlBeanDefinitionReader,main:293 - Loading XML bean definitions from ServletContext resource [/WEB-INF/spring-tabs-servlet.xml]
15:38:49,913  INFO XmlBeanDefinitionReader,main:293 - Loading XML bean definitions from ServletContext resource [/WEB-INF/propertyConfigurer.xml]
15:38:49,928  INFO XmlBeanDefinitionReader,main:293 - Loading XML bean definitions from ServletContext resource [/WEB-INF/tabs/dashboard-tab.xml]
15:38:49,939  INFO XmlBeanDefinitionReader,main:293 - Loading XML bean definitions from ServletContext resource [/WEB-INF/tabs/dashboard-builds-shared.xml]
15:38:50,052  INFO XmlBeanDefinitionReader,main:293 - Loading XML bean definitions from ServletContext resource [/WEB-INF/tabs/builds-tab.xml]
15:38:50,067  INFO XmlBeanDefinitionReader,main:293 - Loading XML bean definitions from ServletContext resource [/WEB-INF/tabs/dashboard-builds-shared.xml]
15:38:50,081  INFO DefaultListableBeanFactory,main:324 - Overriding bean definition for bean 'sharedUrlMapping': replacing [Root bean: class [org.springframework.web.servlet.handler.SimpleUrlHandlerMapping]; scope=singleton; abstract=false; lazyInit=false; autowireCandidate=true; autowireMode=0; dependencyCheck=0; factoryBeanName=null; factoryMethodName=null; initMethodName=null; destroyMethodName=null; defined in ServletContext resource [/WEB-INF/tabs/dashboard-builds-shared.xml]] with [Root bean: class [org.springframework.web.servlet.handler.SimpleUrlHandlerMapping]; scope=singleton; abstract=false; lazyInit=false; autowireCandidate=true; autowireMode=0; dependencyCheck=0; factoryBeanName=null; factoryMethodName=null; initMethodName=null; destroyMethodName=null; defined in ServletContext resource [/WEB-INF/tabs/dashboard-builds-shared.xml]]
15:38:50,082  INFO DefaultListableBeanFactory,main:324 - Overriding bean definition for bean 'forceBuildEnabledInterceptor': replacing [Root bean: class [net.sourceforge.cruisecontrol.dashboard.web.ForceBuildEnabledInterceptor]; scope=singleton; abstract=false; lazyInit=false; autowireCandidate=true; autowireMode=0; dependencyCheck=0; factoryBeanName=null; factoryMethodName=null; initMethodName=null; destroyMethodName=null; defined in ServletContext resource [/WEB-INF/tabs/dashboard-builds-shared.xml]] with [Root bean: class [net.sourceforge.cruisecontrol.dashboard.web.ForceBuildEnabledInterceptor]; scope=singleton; abstract=false; lazyInit=false; autowireCandidate=true; autowireMode=0; dependencyCheck=0; factoryBeanName=null; factoryMethodName=null; initMethodName=null; destroyMethodName=null; defined in ServletContext resource [/WEB-INF/tabs/dashboard-builds-shared.xml]]
15:38:50,082  INFO DefaultListableBeanFactory,main:324 - Overriding bean definition for bean 'rootFolderInterceptor': replacing [Root bean: class [net.sourceforge.cruisecontrol.dashboard.web.RootFolderInterceptor]; scope=singleton; abstract=false; lazyInit=false; autowireCandidate=true; autowireMode=0; dependencyCheck=0; factoryBeanName=null; factoryMethodName=null; initMethodName=null; destroyMethodName=null; defined in ServletContext resource [/WEB-INF/tabs/dashboard-builds-shared.xml]] with [Root bean: class [net.sourceforge.cruisecontrol.dashboard.web.RootFolderInterceptor]; scope=singleton; abstract=false; lazyInit=false; autowireCandidate=true; autowireMode=0; dependencyCheck=0; factoryBeanName=null; factoryMethodName=null; initMethodName=null; destroyMethodName=null; defined in ServletContext resource [/WEB-INF/tabs/dashboard-builds-shared.xml]]
15:38:50,082  INFO DefaultListableBeanFactory,main:324 - Overriding bean definition for bean 'buildDetailController': replacing [Root bean: class [net.sourceforge.cruisecontrol.dashboard.web.BuildDetailController]; scope=singleton; abstract=false; lazyInit=false; autowireCandidate=true; autowireMode=0; dependencyCheck=0; factoryBeanName=null; factoryMethodName=null; initMethodName=null; destroyMethodName=null; defined in ServletContext resource [/WEB-INF/tabs/dashboard-builds-shared.xml]] with [Root bean: class [net.sourceforge.cruisecontrol.dashboard.web.BuildDetailController]; scope=singleton; abstract=false; lazyInit=false; autowireCandidate=true; autowireMode=0; dependencyCheck=0; factoryBeanName=null; factoryMethodName=null; initMethodName=null; destroyMethodName=null; defined in ServletContext resource [/WEB-INF/tabs/dashboard-builds-shared.xml]]
15:38:50,083  INFO DefaultListableBeanFactory,main:324 - Overriding bean definition for bean 'downloadController': replacing [Root bean: class [net.sourceforge.cruisecontrol.dashboard.web.DownloadController]; scope=singleton; abstract=false; lazyInit=false; autowireCandidate=true; autowireMode=0; dependencyCheck=0; factoryBeanName=null; factoryMethodName=null; initMethodName=null; destroyMethodName=null; defined in ServletContext resource [/WEB-INF/tabs/dashboard-builds-shared.xml]] with [Root bean: class [net.sourceforge.cruisecontrol.dashboard.web.DownloadController]; scope=singleton; abstract=false; lazyInit=false; autowireCandidate=true; autowireMode=0; dependencyCheck=0; factoryBeanName=null; factoryMethodName=null; initMethodName=null; destroyMethodName=null; defined in ServletContext resource [/WEB-INF/tabs/dashboard-builds-shared.xml]]
15:38:50,083  INFO DefaultListableBeanFactory,main:324 - Overriding bean definition for bean 'projectDetailResolver': replacing [Root bean: class [org.springframework.web.servlet.mvc.multiaction.PropertiesMethodNameResolver]; scope=singleton; abstract=false; lazyInit=false; autowireCandidate=true; autowireMode=0; dependencyCheck=0; factoryBeanName=null; factoryMethodName=null; initMethodName=null; destroyMethodName=null; defined in ServletContext resource [/WEB-INF/tabs/dashboard-builds-shared.xml]] with [Root bean: class [org.springframework.web.servlet.mvc.multiaction.PropertiesMethodNameResolver]; scope=singleton; abstract=false; lazyInit=false; autowireCandidate=true; autowireMode=0; dependencyCheck=0; factoryBeanName=null; factoryMethodName=null; initMethodName=null; destroyMethodName=null; defined in ServletContext resource [/WEB-INF/tabs/dashboard-builds-shared.xml]]
15:38:50,083  INFO DefaultListableBeanFactory,main:324 - Overriding bean definition for bean 'downloadResolver': replacing [Root bean: class [org.springframework.web.servlet.mvc.multiaction.PropertiesMethodNameResolver]; scope=singleton; abstract=false; lazyInit=false; autowireCandidate=true; autowireMode=0; dependencyCheck=0; factoryBeanName=null; factoryMethodName=null; initMethodName=null; destroyMethodName=null; defined in ServletContext resource [/WEB-INF/tabs/dashboard-builds-shared.xml]] with [Root bean: class [org.springframework.web.servlet.mvc.multiaction.PropertiesMethodNameResolver]; scope=singleton; abstract=false; lazyInit=false; autowireCandidate=true; autowireMode=0; dependencyCheck=0; factoryBeanName=null; factoryMethodName=null; initMethodName=null; destroyMethodName=null; defined in ServletContext resource [/WEB-INF/tabs/dashboard-builds-shared.xml]]
15:38:50,090  INFO DefaultListableBeanFactory,main:324 - Overriding bean definition for bean 'fileView': replacing [Root bean: class [net.sourceforge.cruisecontrol.dashboard.web.view.FileView]; scope=singleton; abstract=false; lazyInit=false; autowireCandidate=true; autowireMode=0; dependencyCheck=0; factoryBeanName=null; factoryMethodName=null; initMethodName=null; destroyMethodName=null; defined in ServletContext resource [/WEB-INF/tabs/dashboard-builds-shared.xml]] with [Root bean: class [net.sourceforge.cruisecontrol.dashboard.web.view.FileView]; scope=singleton; abstract=false; lazyInit=false; autowireCandidate=true; autowireMode=0; dependencyCheck=0; factoryBeanName=null; factoryMethodName=null; initMethodName=null; destroyMethodName=null; defined in ServletContext resource [/WEB-INF/tabs/dashboard-builds-shared.xml]]
15:38:50,090  INFO DefaultListableBeanFactory,main:324 - Overriding bean definition for bean 'directoryView': replacing [Root bean: class [net.sourceforge.cruisecontrol.dashboard.web.view.DirectoryView]; scope=singleton; abstract=false; lazyInit=false; autowireCandidate=true; autowireMode=0; dependencyCheck=0; factoryBeanName=null; factoryMethodName=null; initMethodName=null; destroyMethodName=null; defined in ServletContext resource [/WEB-INF/tabs/dashboard-builds-shared.xml]] with [Root bean: class [net.sourceforge.cruisecontrol.dashboard.web.view.DirectoryView]; scope=singleton; abstract=false; lazyInit=false; autowireCandidate=true; autowireMode=0; dependencyCheck=0; factoryBeanName=null; factoryMethodName=null; initMethodName=null; destroyMethodName=null; defined in ServletContext resource [/WEB-INF/tabs/dashboard-builds-shared.xml]]
15:38:50,090  INFO XmlWebApplicationContext,main:393 - Bean factory for application context [org.springframework.web.context.support.XmlWebApplicationContext@e54303]: org.springframework.beans.factory.support.DefaultListableBeanFactory@2fc6f97f
15:38:50,103  INFO PropertyPlaceholderConfigurer,main:175 - Loading properties file from file [/home/ubuntu/pristine/cruisecontrol/reporting/dashboard/target/war/WEB-INF/classes/dashboard.properties]
15:38:50,104  INFO PropertyPlaceholderConfigurer,main:175 - Loading properties file from file [/tmp/Jetty_0_0_0_0_9090_dashboard.war__dashboard__-ylq8l7/webapp/WEB-INF/classes/dashboard.properties]
15:38:50,104  INFO XmlWebApplicationContext,main:1006 - Bean 'org.springframework.aop.config.internalAutoProxyCreator' is not eligible for getting processed by all BeanPostProcessors (for example: not eligible for auto-proxying)
15:38:50,105  INFO DefaultListableBeanFactory,main:275 - Pre-instantiating singletons in org.springframework.beans.factory.support.DefaultListableBeanFactory@2fc6f97f: defining beans [propertyConfigurer,interceptorInjector,org.springframework.aop.config.internalAutoProxyCreator,org.springframework.aop.aspectj.AspectJExpressionPointcut,org.springframework.aop.aspectj.AspectJPointcutAdvisor,urlMapping,net.sourceforge.cruisecontrol.dashboard.tabs.TabContainer,tabInterceptor,serverNameInterceptor,contentTypeInterceptor,flashMessageInterceptor,configInterceptor,velocityConfig,velocityViewResolver,beanNameViewResolver,buildLoopController,sharedUrlMapping,forceBuildEnabledInterceptor,rootFolderInterceptor,buildDetailController,downloadController,projectDetailResolver,downloadResolver,fileView,directoryView,dashboardUrlMapping,dashboardTabProvider,dashboardController,buildsUrlMapping,buildsTabProvider,buildsController]; parent: org.springframework.beans.factory.support.DefaultListableBeanFactory@48974e45
15:38:50,158  INFO VelocityConfigurer,main:127 - ClasspathResourceLoader with name 'springMacro' added to configured VelocityEngine
15:38:50,170  INFO VelocityEngine,main:49 - LogSystem has been deprecated. Please use a LogChute implementation.
15:38:50,178  INFO VelocityEngine,main:49 - FileResourceLoader : adding path '/tmp/Jetty_0_0_0_0_9090_dashboard.war__dashboard__-ylq8l7/webapp/WEB-INF/vm'
15:38:50,203  INFO VelocityEngine,main:49 - Velocimacro : added #springMessage(  code ) : source = org/springframework/web/servlet/view/velocity/spring.vm
15:38:50,204  INFO VelocityEngine,main:49 - Velocimacro : added #springMessageText(  code text ) : source = org/springframework/web/servlet/view/velocity/spring.vm
15:38:50,204  INFO VelocityEngine,main:49 - Velocimacro : added #springTheme(  code ) : source = org/springframework/web/servlet/view/velocity/spring.vm
15:38:50,204  INFO VelocityEngine,main:49 - Velocimacro : added #springThemeText(  code text ) : source = org/springframework/web/servlet/view/velocity/spring.vm
15:38:50,205  INFO VelocityEngine,main:49 - Velocimacro : added #springUrl(  relativeUrl ) : source = org/springframework/web/servlet/view/velocity/spring.vm
15:38:50,209  INFO VelocityEngine,main:49 - Velocimacro : added #springBind(  path ) : source = org/springframework/web/servlet/view/velocity/spring.vm
15:38:50,211  INFO VelocityEngine,main:49 - Velocimacro : added #springBindEscaped(  path htmlEscape ) : source = org/springframework/web/servlet/view/velocity/spring.vm
15:38:50,212  INFO VelocityEngine,main:49 - Velocimacro : added #springFormInput(  path attributes ) : source = org/springframework/web/servlet/view/velocity/spring.vm
15:38:50,217  INFO VelocityEngine,main:49 - Velocimacro : added #springFormPasswordInput(  path attributes ) : source = org/springframework/web/servlet/view/velocity/spring.vm
15:38:50,217  INFO VelocityEngine,main:49 - Velocimacro : added #springFormHiddenInput(  path attributes ) : source = org/springframework/web/servlet/view/velocity/spring.vm
15:38:50,218  INFO VelocityEngine,main:49 - Velocimacro : added #springFormTextarea(  path attributes ) : source = org/springframework/web/servlet/view/velocity/spring.vm
15:38:50,226  INFO VelocityEngine,main:49 - Velocimacro : added #springFormSingleSelect(  path options attributes ) : source = org/springframework/web/servlet/view/velocity/spring.vm
15:38:50,227  INFO VelocityEngine,main:49 - Velocimacro : added #springFormMultiSelect(  path options attributes ) : source = org/springframework/web/servlet/view/velocity/spring.vm
15:38:50,230  INFO VelocityEngine,main:49 - Velocimacro : added #springFormRadioButtons(  path options separator attributes ) : source = org/springframework/web/servlet/view/velocity/spring.vm
15:38:50,231  INFO VelocityEngine,main:49 - Velocimacro : added #springFormCheckboxes(  path options separator attributes ) : source = org/springframework/web/servlet/view/velocity/spring.vm
15:38:50,232  INFO VelocityEngine,main:49 - Velocimacro : added #springShowErrors(  separator classOrStyle ) : source = org/springframework/web/servlet/view/velocity/spring.vm
15:38:50,232  INFO VelocityEngine,main:49 - Velocimacro : added #springCloseTag(  ) : source = org/springframework/web/servlet/view/velocity/spring.vm
15:38:50,242  INFO VelocityViewResolver,main:127 - Using VelocityToolboxView instead of default VelocityView due to specified toolboxConfigLocation
15:38:50,337  INFO DispatcherServlet,main:250 - FrameworkServlet 'spring-tabs': initialization completed in 451 ms
15:38:50,806  INFO ServletToolboxManager,btpool0-0:? - Using config file '/WEB-INF/toolbox.xml'
15:38:50,868  INFO ServletToolboxManager,btpool0-0:? - Toolbox setup complete.
15:38:52,123  INFO XmlWebApplicationContext,btpool0-0:672 - Closing org.springframework.web.context.support.XmlWebApplicationContext@d771cc9: display name [WebApplicationContext for namespace 'spring-exceptions-servlet']; startup date [Thu Oct 19 15:38:49 PDT 2017]; parent: org.springframework.web.context.support.XmlWebApplicationContext@4f638935
15:38:52,132  INFO DefaultListableBeanFactory,btpool0-0:285 - Destroying singletons in org.springframework.beans.factory.support.DefaultListableBeanFactory@6239aba6: defining beans [propertyConfigurer,urlMapping,buildDetailExceptionController,buildDetailExceptionResolver,velocityConfig,velocityViewResolver,beanNameViewResolver]; parent: org.springframework.beans.factory.support.DefaultListableBeanFactory@48974e45
15:38:52,143  INFO XmlWebApplicationContext,btpool0-0:672 - Closing org.springframework.web.context.support.XmlWebApplicationContext@e54303: display name [WebApplicationContext for namespace 'spring-tabs-servlet']; startup date [Thu Oct 19 15:38:49 PDT 2017]; parent: org.springframework.web.context.support.XmlWebApplicationContext@4f638935
15:38:52,143  INFO DefaultListableBeanFactory,btpool0-0:285 - Destroying singletons in org.springframework.beans.factory.support.DefaultListableBeanFactory@2fc6f97f: defining beans [propertyConfigurer,interceptorInjector,org.springframework.aop.config.internalAutoProxyCreator,org.springframework.aop.aspectj.AspectJExpressionPointcut,org.springframework.aop.aspectj.AspectJPointcutAdvisor,urlMapping,net.sourceforge.cruisecontrol.dashboard.tabs.TabContainer,tabInterceptor,serverNameInterceptor,contentTypeInterceptor,flashMessageInterceptor,configInterceptor,velocityConfig,velocityViewResolver,beanNameViewResolver,buildLoopController,sharedUrlMapping,forceBuildEnabledInterceptor,rootFolderInterceptor,buildDetailController,downloadController,projectDetailResolver,downloadResolver,fileView,directoryView,dashboardUrlMapping,dashboardTabProvider,dashboardController,buildsUrlMapping,buildsTabProvider,buildsController]; parent: org.springframework.beans.factory.support.DefaultListableBeanFactory@48974e45
15:38:52,143  INFO XmlWebApplicationContext,btpool0-0:672 - Closing org.springframework.web.context.support.XmlWebApplicationContext@39d9314d: display name [WebApplicationContext for namespace 'spring-ajax-servlet']; startup date [Thu Oct 19 15:38:48 PDT 2017]; parent: org.springframework.web.context.support.XmlWebApplicationContext@4f638935
15:38:52,164  INFO DefaultListableBeanFactory,btpool0-0:285 - Destroying singletons in org.springframework.beans.factory.support.DefaultListableBeanFactory@352c1b98: defining beans [propertyConfigurer,urlMapping,forcebuildController,forceBuildValidator,getProjectBuildStatusController,getProjectBuildOutputController,getCommitMessageController,getProjectBuildStatusXmlController]; parent: org.springframework.beans.factory.support.DefaultListableBeanFactory@48974e45
15:38:52,164  INFO XmlWebApplicationContext,btpool0-0:672 - Closing org.springframework.web.context.support.XmlWebApplicationContext@294a6b8e: display name [WebApplicationContext for namespace 'spring-pages-servlet']; startup date [Thu Oct 19 15:38:49 PDT 2017]; parent: org.springframework.web.context.support.XmlWebApplicationContext@4f638935
15:38:52,165  INFO DefaultListableBeanFactory,btpool0-0:285 - Destroying singletons in org.springframework.beans.factory.support.DefaultListableBeanFactory@517d4a0d: defining beans [propertyConfigurer,urlMapping,contentTypeInterceptor,flashMessageInterceptor,serverNameInterceptor,configInterceptor,adminController,buildListingController,buildListingResolver,mbeanConsoleController,mx4jResolver,velocityConfig,velocityViewResolver,beanNameViewResolver]; parent: org.springframework.beans.factory.support.DefaultListableBeanFactory@48974e45
15:39:02,988 ERROR WidgetPluginService,btpool0-2:63 - java.lang.ClassNotFoundException: com.not.exist.Class
15:39:03,977 ERROR WidgetPluginService,btpool0-2:63 - java.lang.ClassNotFoundException: com.not.exist.Class
15:39:04,398 ERROR WidgetPluginService,btpool0-2:63 - java.lang.ClassNotFoundException: com.not.exist.Class
15:39:04,685 ERROR WidgetPluginService,btpool0-2:63 - java.lang.ClassNotFoundException: com.not.exist.Class
15:39:04,953 ERROR WidgetPluginService,btpool0-2:63 - java.lang.ClassNotFoundException: com.not.exist.Class
15:39:05,219 ERROR WidgetPluginService,btpool0-2:63 - java.lang.ClassNotFoundException: com.not.exist.Class
15:39:05,603 ERROR WidgetPluginService,btpool0-2:63 - java.lang.ClassNotFoundException: com.not.exist.Class
15:39:05,836 ERROR WidgetPluginService,btpool0-2:63 - java.lang.ClassNotFoundException: com.not.exist.Class
15:39:06,170 ERROR WidgetPluginService,btpool0-2:63 - java.lang.ClassNotFoundException: com.not.exist.Class
15:39:06,411 ERROR WidgetPluginService,btpool0-2:63 - java.lang.ClassNotFoundException: com.not.exist.Class
15:39:06,587 ERROR WidgetPluginService,btpool0-2:63 - java.lang.ClassNotFoundException: com.not.exist.Class
15:39:10,200 ERROR WidgetPluginService,btpool0-3:63 - java.lang.ClassNotFoundException: com.not.exist.Class
15:39:10,869 ERROR WidgetPluginService,btpool0-3:63 - java.lang.ClassNotFoundException: com.not.exist.Class
15:39:11,602 ERROR WidgetPluginService,btpool0-3:63 - java.lang.ClassNotFoundException: com.not.exist.Class
15:39:11,855 ERROR WidgetPluginService,btpool0-3:63 - java.lang.ClassNotFoundException: com.not.exist.Class
15:43:54,285  INFO ContextLoader,main:177 - Root WebApplicationContext: initialization started
15:43:54,299  INFO XmlWebApplicationContext,main:378 - Refreshing org.springframework.web.context.support.XmlWebApplicationContext@4f638935: display name [Root WebApplicationContext]; startup date [Thu Oct 19 15:43:54 PDT 2017]; root of context hierarchy
15:43:54,338  INFO XmlBeanDefinitionReader,main:293 - Loading XML bean definitions from ServletContext resource [/WEB-INF/applicationContext-development.xml]
15:43:54,586  INFO XmlBeanDefinitionReader,main:293 - Loading XML bean definitions from ServletContext resource [/WEB-INF/applicationContext-global.xml]
15:43:54,660  INFO XmlBeanDefinitionReader,main:293 - Loading XML bean definitions from ServletContext resource [/WEB-INF/propertyConfigurer.xml]
15:43:54,735  INFO XmlWebApplicationContext,main:393 - Bean factory for application context [org.springframework.web.context.support.XmlWebApplicationContext@4f638935]: org.springframework.beans.factory.support.DefaultListableBeanFactory@48974e45
15:43:54,866  INFO PropertyPlaceholderConfigurer,main:175 - Loading properties file from file [/home/ubuntu/pristine/cruisecontrol/reporting/dashboard/target/war/WEB-INF/classes/dashboard.properties]
15:43:54,866  INFO PropertyPlaceholderConfigurer,main:175 - Loading properties file from file [/tmp/Jetty_0_0_0_0_9090_dashboard.war__dashboard__-ylq8l7/webapp/WEB-INF/classes/dashboard.properties]
15:43:54,931  INFO XmlWebApplicationContext,main:1006 - Bean 'org.springframework.aop.config.internalAutoProxyCreator' is not eligible for getting processed by all BeanPostProcessors (for example: not eligible for auto-proxying)
15:43:54,946  INFO DefaultListableBeanFactory,main:275 - Pre-instantiating singletons in org.springframework.beans.factory.support.DefaultListableBeanFactory@48974e45: defining beans [jmxServiceStub,mockForceBuildValidator,buildLoopControllerFake,propertyConfigurer,configuration,cruiseRuntime,oSEnvironment,jmxConnectorFactory,buildService,buildInfoRepository,buildInfoHelper,buildLoopQueryService,templateRenderService,historicalBuildSummariesService,latestBuildSummariesService,buildSummaryUIService,buildSummaryService,envService,dashboardXmlConfigService,systemService,widgetPluginService,jmxConnectionCacheService,org.springframework.aop.config.internalAutoProxyCreator,org.springframework.aop.aspectj.AspectJExpressionPointcut,org.springframework.aop.aspectj.AspectJPointcutAdvisor]; root of factory hierarchy
15:43:55,668  INFO ContextLoader,main:197 - Root WebApplicationContext: initialization completed in 1382 ms
15:43:55,711  INFO DispatcherServlet,main:231 - FrameworkServlet 'spring-ajax': initialization started
15:43:55,713  INFO XmlWebApplicationContext,main:378 - Refreshing org.springframework.web.context.support.XmlWebApplicationContext@39d9314d: display name [WebApplicationContext for namespace 'spring-ajax-servlet']; startup date [Thu Oct 19 15:43:55 PDT 2017]; parent: org.springframework.web.context.support.XmlWebApplicationContext@4f638935
15:43:55,715  INFO XmlBeanDefinitionReader,main:293 - Loading XML bean definitions from ServletContext resource [/WEB-INF/spring-ajax-servlet.xml]
15:43:55,742  INFO XmlBeanDefinitionReader,main:293 - Loading XML bean definitions from ServletContext resource [/WEB-INF/propertyConfigurer.xml]
15:43:55,797  INFO XmlWebApplicationContext,main:393 - Bean factory for application context [org.springframework.web.context.support.XmlWebApplicationContext@39d9314d]: org.springframework.beans.factory.support.DefaultListableBeanFactory@352c1b98
15:43:55,827  INFO PropertyPlaceholderConfigurer,main:175 - Loading properties file from file [/home/ubuntu/pristine/cruisecontrol/reporting/dashboard/target/war/WEB-INF/classes/dashboard.properties]
15:43:55,827  INFO PropertyPlaceholderConfigurer,main:175 - Loading properties file from file [/tmp/Jetty_0_0_0_0_9090_dashboard.war__dashboard__-ylq8l7/webapp/WEB-INF/classes/dashboard.properties]
15:43:55,832  INFO DefaultListableBeanFactory,main:275 - Pre-instantiating singletons in org.springframework.beans.factory.support.DefaultListableBeanFactory@352c1b98: defining beans [propertyConfigurer,urlMapping,forcebuildController,forceBuildValidator,getProjectBuildStatusController,getProjectBuildOutputController,getCommitMessageController,getProjectBuildStatusXmlController]; parent: org.springframework.beans.factory.support.DefaultListableBeanFactory@48974e45
15:43:55,981  INFO DispatcherServlet,main:250 - FrameworkServlet 'spring-ajax': initialization completed in 269 ms
15:43:55,982  INFO DispatcherServlet,main:231 - FrameworkServlet 'spring-exceptions': initialization started
15:43:55,982  INFO XmlWebApplicationContext,main:378 - Refreshing org.springframework.web.context.support.XmlWebApplicationContext@d771cc9: display name [WebApplicationContext for namespace 'spring-exceptions-servlet']; startup date [Thu Oct 19 15:43:55 PDT 2017]; parent: org.springframework.web.context.support.XmlWebApplicationContext@4f638935
15:43:55,984  INFO XmlBeanDefinitionReader,main:293 - Loading XML bean definitions from ServletContext resource [/WEB-INF/spring-exceptions-servlet.xml]
15:43:56,012  INFO XmlBeanDefinitionReader,main:293 - Loading XML bean definitions from ServletContext resource [/WEB-INF/propertyConfigurer.xml]
15:43:56,034  INFO XmlWebApplicationContext,main:393 - Bean factory for application context [org.springframework.web.context.support.XmlWebApplicationContext@d771cc9]: org.springframework.beans.factory.support.DefaultListableBeanFactory@6239aba6
15:43:56,092  INFO PropertyPlaceholderConfigurer,main:175 - Loading properties file from file [/home/ubuntu/pristine/cruisecontrol/reporting/dashboard/target/war/WEB-INF/classes/dashboard.properties]
15:43:56,092  INFO PropertyPlaceholderConfigurer,main:175 - Loading properties file from file [/tmp/Jetty_0_0_0_0_9090_dashboard.war__dashboard__-ylq8l7/webapp/WEB-INF/classes/dashboard.properties]
15:43:56,094  INFO DefaultListableBeanFactory,main:275 - Pre-instantiating singletons in org.springframework.beans.factory.support.DefaultListableBeanFactory@6239aba6: defining beans [propertyConfigurer,urlMapping,buildDetailExceptionController,buildDetailExceptionResolver,velocityConfig,velocityViewResolver,beanNameViewResolver]; parent: org.springframework.beans.factory.support.DefaultListableBeanFactory@48974e45
15:43:56,146  INFO VelocityConfigurer,main:127 - ClasspathResourceLoader with name 'springMacro' added to configured VelocityEngine
15:43:56,166  INFO VelocityEngine,main:49 - LogSystem has been deprecated. Please use a LogChute implementation.
15:43:56,172  INFO VelocityEngine,main:49 - FileResourceLoader : adding path '/tmp/Jetty_0_0_0_0_9090_dashboard.war__dashboard__-ylq8l7/webapp/WEB-INF/vm'
15:43:56,260  INFO VelocityEngine,main:49 - Velocimacro : added #springMessage(  code ) : source = org/springframework/web/servlet/view/velocity/spring.vm
15:43:56,264  INFO VelocityEngine,main:49 - Velocimacro : added #springMessageText(  code text ) : source = org/springframework/web/servlet/view/velocity/spring.vm
15:43:56,266  INFO VelocityEngine,main:49 - Velocimacro : added #springTheme(  code ) : source = org/springframework/web/servlet/view/velocity/spring.vm
15:43:56,267  INFO VelocityEngine,main:49 - Velocimacro : added #springThemeText(  code text ) : source = org/springframework/web/servlet/view/velocity/spring.vm
15:43:56,268  INFO VelocityEngine,main:49 - Velocimacro : added #springUrl(  relativeUrl ) : source = org/springframework/web/servlet/view/velocity/spring.vm
15:43:56,285  INFO VelocityEngine,main:49 - Velocimacro : added #springBind(  path ) : source = org/springframework/web/servlet/view/velocity/spring.vm
15:43:56,298  INFO VelocityEngine,main:49 - Velocimacro : added #springBindEscaped(  path htmlEscape ) : source = org/springframework/web/servlet/view/velocity/spring.vm
15:43:56,301  INFO VelocityEngine,main:49 - Velocimacro : added #springFormInput(  path attributes ) : source = org/springframework/web/servlet/view/velocity/spring.vm
15:43:56,306  INFO VelocityEngine,main:49 - Velocimacro : added #springFormPasswordInput(  path attributes ) : source = org/springframework/web/servlet/view/velocity/spring.vm
15:43:56,306  INFO VelocityEngine,main:49 - Velocimacro : added #springFormHiddenInput(  path attributes ) : source = org/springframework/web/servlet/view/velocity/spring.vm
15:43:56,307  INFO VelocityEngine,main:49 - Velocimacro : added #springFormTextarea(  path attributes ) : source = org/springframework/web/servlet/view/velocity/spring.vm
15:43:56,310  INFO VelocityEngine,main:49 - Velocimacro : added #springFormSingleSelect(  path options attributes ) : source = org/springframework/web/servlet/view/velocity/spring.vm
15:43:56,316  INFO VelocityEngine,main:49 - Velocimacro : added #springFormMultiSelect(  path options attributes ) : source = org/springframework/web/servlet/view/velocity/spring.vm
15:43:56,328  INFO VelocityEngine,main:49 - Velocimacro : added #springFormRadioButtons(  path options separator attributes ) : source = org/springframework/web/servlet/view/velocity/spring.vm
15:43:56,329  INFO VelocityEngine,main:49 - Velocimacro : added #springFormCheckboxes(  path options separator attributes ) : source = org/springframework/web/servlet/view/velocity/spring.vm
15:43:56,330  INFO VelocityEngine,main:49 - Velocimacro : added #springShowErrors(  separator classOrStyle ) : source = org/springframework/web/servlet/view/velocity/spring.vm
15:43:56,330  INFO VelocityEngine,main:49 - Velocimacro : added #springCloseTag(  ) : source = org/springframework/web/servlet/view/velocity/spring.vm
15:43:56,403  INFO VelocityViewResolver,main:127 - Using VelocityToolboxView instead of default VelocityView due to specified toolboxConfigLocation
15:43:56,425  INFO DispatcherServlet,main:250 - FrameworkServlet 'spring-exceptions': initialization completed in 443 ms
15:43:56,426  INFO DispatcherServlet,main:231 - FrameworkServlet 'spring-pages': initialization started
15:43:56,426  INFO XmlWebApplicationContext,main:378 - Refreshing org.springframework.web.context.support.XmlWebApplicationContext@294a6b8e: display name [WebApplicationContext for namespace 'spring-pages-servlet']; startup date [Thu Oct 19 15:43:56 PDT 2017]; parent: org.springframework.web.context.support.XmlWebApplicationContext@4f638935
15:43:56,428  INFO XmlBeanDefinitionReader,main:293 - Loading XML bean definitions from ServletContext resource [/WEB-INF/spring-pages-servlet.xml]
15:43:56,500  INFO XmlBeanDefinitionReader,main:293 - Loading XML bean definitions from ServletContext resource [/WEB-INF/propertyConfigurer.xml]
15:43:56,537  INFO XmlWebApplicationContext,main:393 - Bean factory for application context [org.springframework.web.context.support.XmlWebApplicationContext@294a6b8e]: org.springframework.beans.factory.support.DefaultListableBeanFactory@517d4a0d
15:43:56,604  INFO PropertyPlaceholderConfigurer,main:175 - Loading properties file from file [/home/ubuntu/pristine/cruisecontrol/reporting/dashboard/target/war/WEB-INF/classes/dashboard.properties]
15:43:56,605  INFO PropertyPlaceholderConfigurer,main:175 - Loading properties file from file [/tmp/Jetty_0_0_0_0_9090_dashboard.war__dashboard__-ylq8l7/webapp/WEB-INF/classes/dashboard.properties]
15:43:56,610  INFO DefaultListableBeanFactory,main:275 - Pre-instantiating singletons in org.springframework.beans.factory.support.DefaultListableBeanFactory@517d4a0d: defining beans [propertyConfigurer,urlMapping,contentTypeInterceptor,flashMessageInterceptor,serverNameInterceptor,configInterceptor,adminController,buildListingController,buildListingResolver,mbeanConsoleController,mx4jResolver,velocityConfig,velocityViewResolver,beanNameViewResolver]; parent: org.springframework.beans.factory.support.DefaultListableBeanFactory@48974e45
15:43:56,716  INFO VelocityConfigurer,main:127 - ClasspathResourceLoader with name 'springMacro' added to configured VelocityEngine
15:43:56,726  INFO VelocityEngine,main:49 - LogSystem has been deprecated. Please use a LogChute implementation.
15:43:56,726  INFO VelocityEngine,main:49 - FileResourceLoader : adding path '/tmp/Jetty_0_0_0_0_9090_dashboard.war__dashboard__-ylq8l7/webapp/WEB-INF/vm'
15:43:56,729  INFO VelocityEngine,main:49 - Velocimacro : added #springMessage(  code ) : source = org/springframework/web/servlet/view/velocity/spring.vm
15:43:56,742  INFO VelocityEngine,main:49 - Velocimacro : added #springMessageText(  code text ) : source = org/springframework/web/servlet/view/velocity/spring.vm
15:43:56,743  INFO VelocityEngine,main:49 - Velocimacro : added #springTheme(  code ) : source = org/springframework/web/servlet/view/velocity/spring.vm
15:43:56,743  INFO VelocityEngine,main:49 - Velocimacro : added #springThemeText(  code text ) : source = org/springframework/web/servlet/view/velocity/spring.vm
15:43:56,743  INFO VelocityEngine,main:49 - Velocimacro : added #springUrl(  relativeUrl ) : source = org/springframework/web/servlet/view/velocity/spring.vm
15:43:56,744  INFO VelocityEngine,main:49 - Velocimacro : added #springBind(  path ) : source = org/springframework/web/servlet/view/velocity/spring.vm
15:43:56,744  INFO VelocityEngine,main:49 - Velocimacro : added #springBindEscaped(  path htmlEscape ) : source = org/springframework/web/servlet/view/velocity/spring.vm
15:43:56,744  INFO VelocityEngine,main:49 - Velocimacro : added #springFormInput(  path attributes ) : source = org/springframework/web/servlet/view/velocity/spring.vm
15:43:56,745  INFO VelocityEngine,main:49 - Velocimacro : added #springFormPasswordInput(  path attributes ) : source = org/springframework/web/servlet/view/velocity/spring.vm
15:43:56,745  INFO VelocityEngine,main:49 - Velocimacro : added #springFormHiddenInput(  path attributes ) : source = org/springframework/web/servlet/view/velocity/spring.vm
15:43:56,746  INFO VelocityEngine,main:49 - Velocimacro : added #springFormTextarea(  path attributes ) : source = org/springframework/web/servlet/view/velocity/spring.vm
15:43:56,746  INFO VelocityEngine,main:49 - Velocimacro : added #springFormSingleSelect(  path options attributes ) : source = org/springframework/web/servlet/view/velocity/spring.vm
15:43:56,747  INFO VelocityEngine,main:49 - Velocimacro : added #springFormMultiSelect(  path options attributes ) : source = org/springframework/web/servlet/view/velocity/spring.vm
15:43:56,747  INFO VelocityEngine,main:49 - Velocimacro : added #springFormRadioButtons(  path options separator attributes ) : source = org/springframework/web/servlet/view/velocity/spring.vm
15:43:56,748  INFO VelocityEngine,main:49 - Velocimacro : added #springFormCheckboxes(  path options separator attributes ) : source = org/springframework/web/servlet/view/velocity/spring.vm
15:43:56,748  INFO VelocityEngine,main:49 - Velocimacro : added #springShowErrors(  separator classOrStyle ) : source = org/springframework/web/servlet/view/velocity/spring.vm
15:43:56,749  INFO VelocityEngine,main:49 - Velocimacro : added #springCloseTag(  ) : source = org/springframework/web/servlet/view/velocity/spring.vm
15:43:56,761  INFO VelocityViewResolver,main:127 - Using VelocityToolboxView instead of default VelocityView due to specified toolboxConfigLocation
15:43:56,762  INFO DispatcherServlet,main:250 - FrameworkServlet 'spring-pages': initialization completed in 336 ms
15:43:56,763  INFO DispatcherServlet,main:231 - FrameworkServlet 'spring-tabs': initialization started
15:43:56,763  INFO XmlWebApplicationContext,main:378 - Refreshing org.springframework.web.context.support.XmlWebApplicationContext@e54303: display name [WebApplicationContext for namespace 'spring-tabs-servlet']; startup date [Thu Oct 19 15:43:56 PDT 2017]; parent: org.springframework.web.context.support.XmlWebApplicationContext@4f638935
15:43:56,775  INFO XmlBeanDefinitionReader,main:293 - Loading XML bean definitions from ServletContext resource [/WEB-INF/spring-tabs-servlet.xml]
15:43:56,807  INFO XmlBeanDefinitionReader,main:293 - Loading XML bean definitions from ServletContext resource [/WEB-INF/propertyConfigurer.xml]
15:43:56,838  INFO XmlBeanDefinitionReader,main:293 - Loading XML bean definitions from ServletContext resource [/WEB-INF/tabs/dashboard-tab.xml]
15:43:56,872  INFO XmlBeanDefinitionReader,main:293 - Loading XML bean definitions from ServletContext resource [/WEB-INF/tabs/dashboard-builds-shared.xml]
15:43:56,904  INFO XmlBeanDefinitionReader,main:293 - Loading XML bean definitions from ServletContext resource [/WEB-INF/tabs/builds-tab.xml]
15:43:56,909  INFO XmlBeanDefinitionReader,main:293 - Loading XML bean definitions from ServletContext resource [/WEB-INF/tabs/dashboard-builds-shared.xml]
15:43:56,926  INFO DefaultListableBeanFactory,main:324 - Overriding bean definition for bean 'sharedUrlMapping': replacing [Root bean: class [org.springframework.web.servlet.handler.SimpleUrlHandlerMapping]; scope=singleton; abstract=false; lazyInit=false; autowireCandidate=true; autowireMode=0; dependencyCheck=0; factoryBeanName=null; factoryMethodName=null; initMethodName=null; destroyMethodName=null; defined in ServletContext resource [/WEB-INF/tabs/dashboard-builds-shared.xml]] with [Root bean: class [org.springframework.web.servlet.handler.SimpleUrlHandlerMapping]; scope=singleton; abstract=false; lazyInit=false; autowireCandidate=true; autowireMode=0; dependencyCheck=0; factoryBeanName=null; factoryMethodName=null; initMethodName=null; destroyMethodName=null; defined in ServletContext resource [/WEB-INF/tabs/dashboard-builds-shared.xml]]
15:43:56,926  INFO DefaultListableBeanFactory,main:324 - Overriding bean definition for bean 'forceBuildEnabledInterceptor': replacing [Root bean: class [net.sourceforge.cruisecontrol.dashboard.web.ForceBuildEnabledInterceptor]; scope=singleton; abstract=false; lazyInit=false; autowireCandidate=true; autowireMode=0; dependencyCheck=0; factoryBeanName=null; factoryMethodName=null; initMethodName=null; destroyMethodName=null; defined in ServletContext resource [/WEB-INF/tabs/dashboard-builds-shared.xml]] with [Root bean: class [net.sourceforge.cruisecontrol.dashboard.web.ForceBuildEnabledInterceptor]; scope=singleton; abstract=false; lazyInit=false; autowireCandidate=true; autowireMode=0; dependencyCheck=0; factoryBeanName=null; factoryMethodName=null; initMethodName=null; destroyMethodName=null; defined in ServletContext resource [/WEB-INF/tabs/dashboard-builds-shared.xml]]
15:43:56,926  INFO DefaultListableBeanFactory,main:324 - Overriding bean definition for bean 'rootFolderInterceptor': replacing [Root bean: class [net.sourceforge.cruisecontrol.dashboard.web.RootFolderInterceptor]; scope=singleton; abstract=false; lazyInit=false; autowireCandidate=true; autowireMode=0; dependencyCheck=0; factoryBeanName=null; factoryMethodName=null; initMethodName=null; destroyMethodName=null; defined in ServletContext resource [/WEB-INF/tabs/dashboard-builds-shared.xml]] with [Root bean: class [net.sourceforge.cruisecontrol.dashboard.web.RootFolderInterceptor]; scope=singleton; abstract=false; lazyInit=false; autowireCandidate=true; autowireMode=0; dependencyCheck=0; factoryBeanName=null; factoryMethodName=null; initMethodName=null; destroyMethodName=null; defined in ServletContext resource [/WEB-INF/tabs/dashboard-builds-shared.xml]]
15:43:56,927  INFO DefaultListableBeanFactory,main:324 - Overriding bean definition for bean 'buildDetailController': replacing [Root bean: class [net.sourceforge.cruisecontrol.dashboard.web.BuildDetailController]; scope=singleton; abstract=false; lazyInit=false; autowireCandidate=true; autowireMode=0; dependencyCheck=0; factoryBeanName=null; factoryMethodName=null; initMethodName=null; destroyMethodName=null; defined in ServletContext resource [/WEB-INF/tabs/dashboard-builds-shared.xml]] with [Root bean: class [net.sourceforge.cruisecontrol.dashboard.web.BuildDetailController]; scope=singleton; abstract=false; lazyInit=false; autowireCandidate=true; autowireMode=0; dependencyCheck=0; factoryBeanName=null; factoryMethodName=null; initMethodName=null; destroyMethodName=null; defined in ServletContext resource [/WEB-INF/tabs/dashboard-builds-shared.xml]]
15:43:56,927  INFO DefaultListableBeanFactory,main:324 - Overriding bean definition for bean 'downloadController': replacing [Root bean: class [net.sourceforge.cruisecontrol.dashboard.web.DownloadController]; scope=singleton; abstract=false; lazyInit=false; autowireCandidate=true; autowireMode=0; dependencyCheck=0; factoryBeanName=null; factoryMethodName=null; initMethodName=null; destroyMethodName=null; defined in ServletContext resource [/WEB-INF/tabs/dashboard-builds-shared.xml]] with [Root bean: class [net.sourceforge.cruisecontrol.dashboard.web.DownloadController]; scope=singleton; abstract=false; lazyInit=false; autowireCandidate=true; autowireMode=0; dependencyCheck=0; factoryBeanName=null; factoryMethodName=null; initMethodName=null; destroyMethodName=null; defined in ServletContext resource [/WEB-INF/tabs/dashboard-builds-shared.xml]]
15:43:56,927  INFO DefaultListableBeanFactory,main:324 - Overriding bean definition for bean 'projectDetailResolver': replacing [Root bean: class [org.springframework.web.servlet.mvc.multiaction.PropertiesMethodNameResolver]; scope=singleton; abstract=false; lazyInit=false; autowireCandidate=true; autowireMode=0; dependencyCheck=0; factoryBeanName=null; factoryMethodName=null; initMethodName=null; destroyMethodName=null; defined in ServletContext resource [/WEB-INF/tabs/dashboard-builds-shared.xml]] with [Root bean: class [org.springframework.web.servlet.mvc.multiaction.PropertiesMethodNameResolver]; scope=singleton; abstract=false; lazyInit=false; autowireCandidate=true; autowireMode=0; dependencyCheck=0; factoryBeanName=null; factoryMethodName=null; initMethodName=null; destroyMethodName=null; defined in ServletContext resource [/WEB-INF/tabs/dashboard-builds-shared.xml]]
15:43:56,928  INFO DefaultListableBeanFactory,main:324 - Overriding bean definition for bean 'downloadResolver': replacing [Root bean: class [org.springframework.web.servlet.mvc.multiaction.PropertiesMethodNameResolver]; scope=singleton; abstract=false; lazyInit=false; autowireCandidate=true; autowireMode=0; dependencyCheck=0; factoryBeanName=null; factoryMethodName=null; initMethodName=null; destroyMethodName=null; defined in ServletContext resource [/WEB-INF/tabs/dashboard-builds-shared.xml]] with [Root bean: class [org.springframework.web.servlet.mvc.multiaction.PropertiesMethodNameResolver]; scope=singleton; abstract=false; lazyInit=false; autowireCandidate=true; autowireMode=0; dependencyCheck=0; factoryBeanName=null; factoryMethodName=null; initMethodName=null; destroyMethodName=null; defined in ServletContext resource [/WEB-INF/tabs/dashboard-builds-shared.xml]]
15:43:56,928  INFO DefaultListableBeanFactory,main:324 - Overriding bean definition for bean 'fileView': replacing [Root bean: class [net.sourceforge.cruisecontrol.dashboard.web.view.FileView]; scope=singleton; abstract=false; lazyInit=false; autowireCandidate=true; autowireMode=0; dependencyCheck=0; factoryBeanName=null; factoryMethodName=null; initMethodName=null; destroyMethodName=null; defined in ServletContext resource [/WEB-INF/tabs/dashboard-builds-shared.xml]] with [Root bean: class [net.sourceforge.cruisecontrol.dashboard.web.view.FileView]; scope=singleton; abstract=false; lazyInit=false; autowireCandidate=true; autowireMode=0; dependencyCheck=0; factoryBeanName=null; factoryMethodName=null; initMethodName=null; destroyMethodName=null; defined in ServletContext resource [/WEB-INF/tabs/dashboard-builds-shared.xml]]
15:43:56,928  INFO DefaultListableBeanFactory,main:324 - Overriding bean definition for bean 'directoryView': replacing [Root bean: class [net.sourceforge.cruisecontrol.dashboard.web.view.DirectoryView]; scope=singleton; abstract=false; lazyInit=false; autowireCandidate=true; autowireMode=0; dependencyCheck=0; factoryBeanName=null; factoryMethodName=null; initMethodName=null; destroyMethodName=null; defined in ServletContext resource [/WEB-INF/tabs/dashboard-builds-shared.xml]] with [Root bean: class [net.sourceforge.cruisecontrol.dashboard.web.view.DirectoryView]; scope=singleton; abstract=false; lazyInit=false; autowireCandidate=true; autowireMode=0; dependencyCheck=0; factoryBeanName=null; factoryMethodName=null; initMethodName=null; destroyMethodName=null; defined in ServletContext resource [/WEB-INF/tabs/dashboard-builds-shared.xml]]
15:43:56,929  INFO XmlWebApplicationContext,main:393 - Bean factory for application context [org.springframework.web.context.support.XmlWebApplicationContext@e54303]: org.springframework.beans.factory.support.DefaultListableBeanFactory@2fc6f97f
15:43:56,950  INFO PropertyPlaceholderConfigurer,main:175 - Loading properties file from file [/home/ubuntu/pristine/cruisecontrol/reporting/dashboard/target/war/WEB-INF/classes/dashboard.properties]
15:43:56,950  INFO PropertyPlaceholderConfigurer,main:175 - Loading properties file from file [/tmp/Jetty_0_0_0_0_9090_dashboard.war__dashboard__-ylq8l7/webapp/WEB-INF/classes/dashboard.properties]
15:43:56,958  INFO XmlWebApplicationContext,main:1006 - Bean 'org.springframework.aop.config.internalAutoProxyCreator' is not eligible for getting processed by all BeanPostProcessors (for example: not eligible for auto-proxying)
15:43:56,961  INFO DefaultListableBeanFactory,main:275 - Pre-instantiating singletons in org.springframework.beans.factory.support.DefaultListableBeanFactory@2fc6f97f: defining beans [propertyConfigurer,interceptorInjector,org.springframework.aop.config.internalAutoProxyCreator,org.springframework.aop.aspectj.AspectJExpressionPointcut,org.springframework.aop.aspectj.AspectJPointcutAdvisor,urlMapping,net.sourceforge.cruisecontrol.dashboard.tabs.TabContainer,tabInterceptor,serverNameInterceptor,contentTypeInterceptor,flashMessageInterceptor,configInterceptor,velocityConfig,velocityViewResolver,beanNameViewResolver,buildLoopController,sharedUrlMapping,forceBuildEnabledInterceptor,rootFolderInterceptor,buildDetailController,downloadController,projectDetailResolver,downloadResolver,fileView,directoryView,dashboardUrlMapping,dashboardTabProvider,dashboardController,buildsUrlMapping,buildsTabProvider,buildsController]; parent: org.springframework.beans.factory.support.DefaultListableBeanFactory@48974e45
15:43:57,060  INFO VelocityConfigurer,main:127 - ClasspathResourceLoader with name 'springMacro' added to configured VelocityEngine
15:43:57,061  INFO VelocityEngine,main:49 - LogSystem has been deprecated. Please use a LogChute implementation.
15:43:57,062  INFO VelocityEngine,main:49 - FileResourceLoader : adding path '/tmp/Jetty_0_0_0_0_9090_dashboard.war__dashboard__-ylq8l7/webapp/WEB-INF/vm'
15:43:57,064  INFO VelocityEngine,main:49 - Velocimacro : added #springMessage(  code ) : source = org/springframework/web/servlet/view/velocity/spring.vm
15:43:57,064  INFO VelocityEngine,main:49 - Velocimacro : added #springMessageText(  code text ) : source = org/springframework/web/servlet/view/velocity/spring.vm
15:43:57,064  INFO VelocityEngine,main:49 - Velocimacro : added #springTheme(  code ) : source = org/springframework/web/servlet/view/velocity/spring.vm
15:43:57,064  INFO VelocityEngine,main:49 - Velocimacro : added #springThemeText(  code text ) : source = org/springframework/web/servlet/view/velocity/spring.vm
15:43:57,065  INFO VelocityEngine,main:49 - Velocimacro : added #springUrl(  relativeUrl ) : source = org/springframework/web/servlet/view/velocity/spring.vm
15:43:57,075  INFO VelocityEngine,main:49 - Velocimacro : added #springBind(  path ) : source = org/springframework/web/servlet/view/velocity/spring.vm
15:43:57,076  INFO VelocityEngine,main:49 - Velocimacro : added #springBindEscaped(  path htmlEscape ) : source = org/springframework/web/servlet/view/velocity/spring.vm
15:43:57,076  INFO VelocityEngine,main:49 - Velocimacro : added #springFormInput(  path attributes ) : source = org/springframework/web/servlet/view/velocity/spring.vm
15:43:57,077  INFO VelocityEngine,main:49 - Velocimacro : added #springFormPasswordInput(  path attributes ) : source = org/springframework/web/servlet/view/velocity/spring.vm
15:43:57,077  INFO VelocityEngine,main:49 - Velocimacro : added #springFormHiddenInput(  path attributes ) : source = org/springframework/web/servlet/view/velocity/spring.vm
15:43:57,079  INFO VelocityEngine,main:49 - Velocimacro : added #springFormTextarea(  path attributes ) : source = org/springframework/web/servlet/view/velocity/spring.vm
15:43:57,080  INFO VelocityEngine,main:49 - Velocimacro : added #springFormSingleSelect(  path options attributes ) : source = org/springframework/web/servlet/view/velocity/spring.vm
15:43:57,081  INFO VelocityEngine,main:49 - Velocimacro : added #springFormMultiSelect(  path options attributes ) : source = org/springframework/web/servlet/view/velocity/spring.vm
15:43:57,095  INFO VelocityEngine,main:49 - Velocimacro : added #springFormRadioButtons(  path options separator attributes ) : source = org/springframework/web/servlet/view/velocity/spring.vm
15:43:57,096  INFO VelocityEngine,main:49 - Velocimacro : added #springFormCheckboxes(  path options separator attributes ) : source = org/springframework/web/servlet/view/velocity/spring.vm
15:43:57,096  INFO VelocityEngine,main:49 - Velocimacro : added #springShowErrors(  separator classOrStyle ) : source = org/springframework/web/servlet/view/velocity/spring.vm
15:43:57,096  INFO VelocityEngine,main:49 - Velocimacro : added #springCloseTag(  ) : source = org/springframework/web/servlet/view/velocity/spring.vm
15:43:57,119  INFO VelocityViewResolver,main:127 - Using VelocityToolboxView instead of default VelocityView due to specified toolboxConfigLocation
15:43:57,252  INFO DispatcherServlet,main:250 - FrameworkServlet 'spring-tabs': initialization completed in 489 ms
15:43:57,770  INFO ServletToolboxManager,btpool0-0:? - Using config file '/WEB-INF/toolbox.xml'
15:43:57,845  INFO ServletToolboxManager,btpool0-0:? - Toolbox setup complete.
15:43:59,293  INFO XmlWebApplicationContext,btpool0-0:672 - Closing org.springframework.web.context.support.XmlWebApplicationContext@d771cc9: display name [WebApplicationContext for namespace 'spring-exceptions-servlet']; startup date [Thu Oct 19 15:43:55 PDT 2017]; parent: org.springframework.web.context.support.XmlWebApplicationContext@4f638935
15:43:59,295  INFO DefaultListableBeanFactory,btpool0-0:285 - Destroying singletons in org.springframework.beans.factory.support.DefaultListableBeanFactory@6239aba6: defining beans [propertyConfigurer,urlMapping,buildDetailExceptionController,buildDetailExceptionResolver,velocityConfig,velocityViewResolver,beanNameViewResolver]; parent: org.springframework.beans.factory.support.DefaultListableBeanFactory@48974e45
15:43:59,300  INFO XmlWebApplicationContext,btpool0-0:672 - Closing org.springframework.web.context.support.XmlWebApplicationContext@e54303: display name [WebApplicationContext for namespace 'spring-tabs-servlet']; startup date [Thu Oct 19 15:43:56 PDT 2017]; parent: org.springframework.web.context.support.XmlWebApplicationContext@4f638935
15:43:59,301  INFO DefaultListableBeanFactory,btpool0-0:285 - Destroying singletons in org.springframework.beans.factory.support.DefaultListableBeanFactory@2fc6f97f: defining beans [propertyConfigurer,interceptorInjector,org.springframework.aop.config.internalAutoProxyCreator,org.springframework.aop.aspectj.AspectJExpressionPointcut,org.springframework.aop.aspectj.AspectJPointcutAdvisor,urlMapping,net.sourceforge.cruisecontrol.dashboard.tabs.TabContainer,tabInterceptor,serverNameInterceptor,contentTypeInterceptor,flashMessageInterceptor,configInterceptor,velocityConfig,velocityViewResolver,beanNameViewResolver,buildLoopController,sharedUrlMapping,forceBuildEnabledInterceptor,rootFolderInterceptor,buildDetailController,downloadController,projectDetailResolver,downloadResolver,fileView,directoryView,dashboardUrlMapping,dashboardTabProvider,dashboardController,buildsUrlMapping,buildsTabProvider,buildsController]; parent: org.springframework.beans.factory.support.DefaultListableBeanFactory@48974e45
15:43:59,301  INFO XmlWebApplicationContext,btpool0-0:672 - Closing org.springframework.web.context.support.XmlWebApplicationContext@39d9314d: display name [WebApplicationContext for namespace 'spring-ajax-servlet']; startup date [Thu Oct 19 15:43:55 PDT 2017]; parent: org.springframework.web.context.support.XmlWebApplicationContext@4f638935
15:43:59,301  INFO DefaultListableBeanFactory,btpool0-0:285 - Destroying singletons in org.springframework.beans.factory.support.DefaultListableBeanFactory@352c1b98: defining beans [propertyConfigurer,urlMapping,forcebuildController,forceBuildValidator,getProjectBuildStatusController,getProjectBuildOutputController,getCommitMessageController,getProjectBuildStatusXmlController]; parent: org.springframework.beans.factory.support.DefaultListableBeanFactory@48974e45
15:43:59,301  INFO XmlWebApplicationContext,btpool0-0:672 - Closing org.springframework.web.context.support.XmlWebApplicationContext@294a6b8e: display name [WebApplicationContext for namespace 'spring-pages-servlet']; startup date [Thu Oct 19 15:43:56 PDT 2017]; parent: org.springframework.web.context.support.XmlWebApplicationContext@4f638935
15:43:59,322  INFO DefaultListableBeanFactory,btpool0-0:285 - Destroying singletons in org.springframework.beans.factory.support.DefaultListableBeanFactory@517d4a0d: defining beans [propertyConfigurer,urlMapping,contentTypeInterceptor,flashMessageInterceptor,serverNameInterceptor,configInterceptor,adminController,buildListingController,buildListingResolver,mbeanConsoleController,mx4jResolver,velocityConfig,velocityViewResolver,beanNameViewResolver]; parent: org.springframework.beans.factory.support.DefaultListableBeanFactory@48974e45
15:44:09,999 ERROR WidgetPluginService,btpool0-2:63 - java.lang.ClassNotFoundException: com.not.exist.Class
15:44:10,867 ERROR WidgetPluginService,btpool0-2:63 - java.lang.ClassNotFoundException: com.not.exist.Class
15:44:11,273 ERROR WidgetPluginService,btpool0-2:63 - java.lang.ClassNotFoundException: com.not.exist.Class
15:44:11,670 ERROR WidgetPluginService,btpool0-2:63 - java.lang.ClassNotFoundException: com.not.exist.Class
15:44:11,932 ERROR WidgetPluginService,btpool0-2:63 - java.lang.ClassNotFoundException: com.not.exist.Class
15:44:12,169 ERROR WidgetPluginService,btpool0-2:63 - java.lang.ClassNotFoundException: com.not.exist.Class
15:44:12,423 ERROR WidgetPluginService,btpool0-2:63 - java.lang.ClassNotFoundException: com.not.exist.Class
15:44:12,792 ERROR WidgetPluginService,btpool0-2:63 - java.lang.ClassNotFoundException: com.not.exist.Class
15:44:13,060 ERROR WidgetPluginService,btpool0-2:63 - java.lang.ClassNotFoundException: com.not.exist.Class
15:44:13,358 ERROR WidgetPluginService,btpool0-2:63 - java.lang.ClassNotFoundException: com.not.exist.Class
15:44:13,695 ERROR WidgetPluginService,btpool0-2:63 - java.lang.ClassNotFoundException: com.not.exist.Class
15:44:16,969 ERROR WidgetPluginService,btpool0-2:63 - java.lang.ClassNotFoundException: com.not.exist.Class
15:44:17,800 ERROR WidgetPluginService,btpool0-2:63 - java.lang.ClassNotFoundException: com.not.exist.Class
15:44:18,693 ERROR WidgetPluginService,btpool0-2:63 - java.lang.ClassNotFoundException: com.not.exist.Class
15:44:18,955 ERROR WidgetPluginService,btpool0-2:63 - java.lang.ClassNotFoundException: com.not.exist.Class
